This is pdfTeX, Version 3.14159265-2.6-1.40.17 (TeX Live 2016) (preloaded format=pdflatex 2016.12.24)  24 JAN 2017 13:46
entering extended mode
 restricted \write18 enabled.
 file:line:error style messages enabled.
 %&-line parsing enabled.
**Phonetics_HO_twosided.tex
(./Phonetics_HO_twosided.tex
LaTeX2e <2016/03/31> patch level 3
Babel <3.9r> and hyphenation patterns for 83 language(s) loaded.
(/usr/local/texlive/2016/texmf-dist/tex/latex/koma-script/scrartcl.cls
Document Class: scrartcl 2016/06/14 v3.21 KOMA-Script document class (article)
(/usr/local/texlive/2016/texmf-dist/tex/latex/koma-script/scrkbase.sty
Package: scrkbase 2016/06/14 v3.21 KOMA-Script package (KOMA-Script-dependent b
asics and keyval usage)

(/usr/local/texlive/2016/texmf-dist/tex/latex/koma-script/scrbase.sty
Package: scrbase 2016/06/14 v3.21 KOMA-Script package (KOMA-Script-independent 
basics and keyval usage)

(/usr/local/texlive/2016/texmf-dist/tex/latex/graphics/keyval.sty
Package: keyval 2014/10/28 v1.15 key=value parser (DPC)
\KV@toks@=\toks14
)
(/usr/local/texlive/2016/texmf-dist/tex/latex/koma-script/scrlfile.sty
Package: scrlfile 2016/06/14 v3.21 KOMA-Script package (loading files)

Package scrlfile, 2016/06/14 v3.21 KOMA-Script package (loading files)
                  Copyright (C) Markus Kohm

))) (/usr/local/texlive/2016/texmf-dist/tex/latex/koma-script/tocbasic.sty
Package: tocbasic 2016/06/14 v3.21 KOMA-Script package (handling toc-files)
\scr@dte@tocline@numberwidth=\skip41
\scr@dte@tocline@numbox=\box26
)
Package tocbasic Info: omitting babel extension for `toc'
(tocbasic)             because of feature `nobabel' available
(tocbasic)             for `toc' on input line 130.
Package tocbasic Info: omitting babel extension for `lof'
(tocbasic)             because of feature `nobabel' available
(tocbasic)             for `lof' on input line 131.
Package tocbasic Info: omitting babel extension for `lot'
(tocbasic)             because of feature `nobabel' available
(tocbasic)             for `lot' on input line 132.
Class scrartcl Info: File `scrsize11pt.clo' used instead of
(scrartcl)           file `scrsize11.clo' to setup font sizes on input line 205
2.

(/usr/local/texlive/2016/texmf-dist/tex/latex/koma-script/scrsize11pt.clo
File: scrsize11pt.clo 2016/06/14 v3.21 KOMA-Script font size class option (11pt
)
)
(/usr/local/texlive/2016/texmf-dist/tex/latex/koma-script/typearea.sty
Package: typearea 2016/06/14 v3.21 KOMA-Script package (type area)

Package typearea, 2016/06/14 v3.21 KOMA-Script package (type area)
                  Copyright (C) Frank Neukam, 1992-1994
                  Copyright (C) Markus Kohm, 1994-

\ta@bcor=\skip42
\ta@div=\count79
\ta@hblk=\skip43
\ta@vblk=\skip44
\ta@temp=\skip45
\footheight=\skip46
Package typearea Info: These are the values describing the layout:
(typearea)             DIV  = 10
(typearea)             BCOR = 0.0pt
(typearea)             \paperwidth      = 597.50793pt
(typearea)              \textwidth      = 418.25555pt
(typearea)              DIV departure   = -6%
(typearea)              \evensidemargin = 17.3562pt
(typearea)              \oddsidemargin  = 17.3562pt
(typearea)             \paperheight     = 845.04694pt
(typearea)              \textheight     = 595.80026pt
(typearea)              \topmargin      = -25.16531pt
(typearea)              \headheight     = 17.0pt
(typearea)              \headsep        = 20.40001pt
(typearea)              \topskip        = 11.0pt
(typearea)              \footskip       = 47.6pt
(typearea)              \baselineskip   = 13.6pt
(typearea)              on input line 1529.
)
\c@part=\count80
\c@section=\count81
\c@subsection=\count82
\c@subsubsection=\count83
\c@paragraph=\count84
\c@subparagraph=\count85
\scr@dte@part@maxnumwidth=\skip47
\scr@dte@section@maxnumwidth=\skip48
\scr@dte@subsection@maxnumwidth=\skip49
\scr@dte@subsubsection@maxnumwidth=\skip50
\scr@dte@paragraph@maxnumwidth=\skip51
\scr@dte@subparagraph@maxnumwidth=\skip52
LaTeX Info: Redefining \textsubscript on input line 4036.
\abovecaptionskip=\skip53
\belowcaptionskip=\skip54
\c@pti@nb@sid@b@x=\box27
\c@figure=\count86
\c@table=\count87
Class scrartcl Info: Redefining `\numberline' on input line 5049.
\bibindent=\dimen102
) (/usr/local/texlive/2016/texmf-dist/tex/latex/pdfpages/pdfpages.sty
Package: pdfpages 2017/01/14 v0.5h Insert pages of external PDF documents (AM)

(/usr/local/texlive/2016/texmf-dist/tex/latex/base/ifthen.sty
Package: ifthen 2014/09/29 v1.1c Standard LaTeX ifthen package (DPC)
)
(/usr/local/texlive/2016/texmf-dist/tex/latex/tools/calc.sty
Package: calc 2014/10/28 v4.3 Infix arithmetic (KKT,FJ)
\calc@Acount=\count88
\calc@Bcount=\count89
\calc@Adimen=\dimen103
\calc@Bdimen=\dimen104
\calc@Askip=\skip55
\calc@Bskip=\skip56
LaTeX Info: Redefining \setlength on input line 80.
LaTeX Info: Redefining \addtolength on input line 81.
\calc@Ccount=\count90
\calc@Cskip=\skip57
)
(/usr/local/texlive/2016/texmf-dist/tex/latex/eso-pic/eso-pic.sty
Package: eso-pic 2015/07/21 v2.0g eso-pic (RN)

(/usr/local/texlive/2016/texmf-dist/tex/generic/oberdiek/atbegshi.sty
Package: atbegshi 2016/06/09 v1.18 At begin shipout hook (HO)

(/usr/local/texlive/2016/texmf-dist/tex/generic/oberdiek/infwarerr.sty
Package: infwarerr 2016/05/16 v1.4 Providing info/warning/error messages (HO)
)
(/usr/local/texlive/2016/texmf-dist/tex/generic/oberdiek/ltxcmds.sty
Package: ltxcmds 2016/05/16 v1.23 LaTeX kernel commands for general use (HO)
)
(/usr/local/texlive/2016/texmf-dist/tex/generic/oberdiek/ifpdf.sty
Package: ifpdf 2016/05/14 v3.1 Provides the ifpdf switch
))
(/usr/local/texlive/2016/texmf-dist/tex/latex/xcolor/xcolor.sty
Package: xcolor 2016/05/11 v2.12 LaTeX color extensions (UK)

(/usr/local/texlive/2016/texmf-dist/tex/latex/graphics-cfg/color.cfg
File: color.cfg 2016/01/02 v1.6 sample color configuration
)
Package xcolor Info: Driver file: pdftex.def on input line 225.

(/usr/local/texlive/2016/texmf-dist/tex/latex/graphics-def/pdftex.def
File: pdftex.def 2016/07/10 v0.06j Graphics/color for pdfTeX
\Gread@gobject=\count91
)
Package xcolor Info: Model `cmy' substituted by `cmy0' on input line 1348.
Package xcolor Info: Model `hsb' substituted by `rgb' on input line 1352.
Package xcolor Info: Model `RGB' extended on input line 1364.
Package xcolor Info: Model `HTML' substituted by `rgb' on input line 1366.
Package xcolor Info: Model `Hsb' substituted by `hsb' on input line 1367.
Package xcolor Info: Model `tHsb' substituted by `hsb' on input line 1368.
Package xcolor Info: Model `HSB' substituted by `hsb' on input line 1369.
Package xcolor Info: Model `Gray' substituted by `gray' on input line 1370.
Package xcolor Info: Model `wave' substituted by `hsb' on input line 1371.
))
(/usr/local/texlive/2016/texmf-dist/tex/latex/graphics/graphicx.sty
Package: graphicx 2014/10/28 v1.0g Enhanced LaTeX Graphics (DPC,SPQR)

(/usr/local/texlive/2016/texmf-dist/tex/latex/graphics/graphics.sty
Package: graphics 2016/07/10 v1.0t Standard LaTeX Graphics (DPC,SPQR)

(/usr/local/texlive/2016/texmf-dist/tex/latex/graphics/trig.sty
Package: trig 2016/01/03 v1.10 sin cos tan (DPC)
)
(/usr/local/texlive/2016/texmf-dist/tex/latex/graphics-cfg/graphics.cfg
File: graphics.cfg 2016/06/04 v1.11 sample graphics configuration
)
Package graphics Info: Driver file: pdftex.def on input line 99.
)
\Gin@req@height=\dimen105
\Gin@req@width=\dimen106
)
\AM@pagewidth=\dimen107
\AM@pageheight=\dimen108

(/usr/local/texlive/2016/texmf-dist/tex/latex/pdfpages/pppdftex.def
File: pppdftex.def 2017/01/14 v0.5h Pdfpages driver for pdfTeX (AM)
)
\AM@pagebox=\box28
\AM@global@opts=\toks15
\AM@toc@title=\toks16
\c@AM@survey=\count92
\AM@templatesizebox=\box29
)
No file Phonetics_HO_twosided.aux.
\openout1 = `Phonetics_HO_twosided.aux'.

LaTeX Font Info:    Checking defaults for OML/cmm/m/it on input line 4.
LaTeX Font Info:    ... okay on input line 4.
LaTeX Font Info:    Checking defaults for T1/cmr/m/n on input line 4.
LaTeX Font Info:    ... okay on input line 4.
LaTeX Font Info:    Checking defaults for OT1/cmr/m/n on input line 4.
LaTeX Font Info:    ... okay on input line 4.
LaTeX Font Info:    Checking defaults for OMS/cmsy/m/n on input line 4.
LaTeX Font Info:    ... okay on input line 4.
LaTeX Font Info:    Checking defaults for OMX/cmex/m/n on input line 4.
LaTeX Font Info:    ... okay on input line 4.
LaTeX Font Info:    Checking defaults for U/cmr/m/n on input line 4.
LaTeX Font Info:    ... okay on input line 4.
\AtBeginShipoutBox=\box30
(/usr/local/texlive/2016/texmf-dist/tex/context/base/mkii/supp-pdf.mkii
[Loading MPS to PDF converter (version 2006.09.02).]
\scratchcounter=\count93
\scratchdimen=\dimen109
\scratchbox=\box31
\nofMPsegments=\count94
\nofMParguments=\count95
\everyMPshowfont=\toks17
\MPscratchCnt=\count96
\MPscratchDim=\dimen110
\MPnumerator=\count97
\makeMPintoPDFobject=\count98
\everyMPtoPDFconversion=\toks18
) (/usr/local/texlive/2016/texmf-dist/tex/generic/oberdiek/pdftexcmds.sty
Package: pdftexcmds 2016/05/21 v0.22 Utility functions of pdfTeX for LuaTeX (HO
)

(/usr/local/texlive/2016/texmf-dist/tex/generic/oberdiek/ifluatex.sty
Package: ifluatex 2016/05/16 v1.4 Provides the ifluatex switch (HO)
Package ifluatex Info: LuaTeX not detected.
)
Package pdftexcmds Info: LuaTeX not detected.
Package pdftexcmds Info: \pdf@primitive is available.
Package pdftexcmds Info: \pdf@ifprimitive is available.
Package pdftexcmds Info: \pdfdraftmode found.
)
(/usr/local/texlive/2016/texmf-dist/tex/latex/oberdiek/epstopdf-base.sty
Package: epstopdf-base 2016/05/15 v2.6 Base part for package epstopdf

(/usr/local/texlive/2016/texmf-dist/tex/latex/oberdiek/grfext.sty
Package: grfext 2016/05/16 v1.2 Manage graphics extensions (HO)

(/usr/local/texlive/2016/texmf-dist/tex/generic/oberdiek/kvdefinekeys.sty
Package: kvdefinekeys 2016/05/16 v1.4 Define keys (HO)
))
(/usr/local/texlive/2016/texmf-dist/tex/latex/oberdiek/kvoptions.sty
Package: kvoptions 2016/05/16 v3.12 Key value format for package options (HO)

(/usr/local/texlive/2016/texmf-dist/tex/generic/oberdiek/kvsetkeys.sty
Package: kvsetkeys 2016/05/16 v1.17 Key value parser (HO)

(/usr/local/texlive/2016/texmf-dist/tex/generic/oberdiek/etexcmds.sty
Package: etexcmds 2016/05/16 v1.6 Avoid name clashes with e-TeX commands (HO)
Package etexcmds Info: Could not find \expanded.
(etexcmds)             That can mean that you are not using pdfTeX 1.50 or
(etexcmds)             that some package has redefined \expanded.
(etexcmds)             In the latter case, load this package earlier.
)))
Package epstopdf-base Info: Redefining graphics rule for `.eps' on input line 4
38.
Package grfext Info: Graphics extension search list:
(grfext)             [.png,.pdf,.jpg,.mps,.jpeg,.jbig2,.jb2,.PNG,.PDF,.JPG,.JPE
G,.JBIG2,.JB2,.eps]
(grfext)             \AppendGraphicsExtensions on input line 456.

(/usr/local/texlive/2016/texmf-dist/tex/latex/latexconfig/epstopdf-sys.cfg
File: epstopdf-sys.cfg 2010/07/13 v1.3 Configuration of (r)epstopdf for TeX Liv
e
))
(/usr/local/texlive/2016/texmf-dist/tex/latex/oberdiek/pdflscape.sty
Package: pdflscape 2016/05/14 v0.11 Display of landscape pages in PDF (HO)

(/usr/local/texlive/2016/texmf-dist/tex/latex/graphics/lscape.sty
Package: lscape 2000/10/22 v3.01 Landscape Pages (DPC)
)
Package pdflscape Info: Auto-detected driver: pdftex on input line 81.

(/usr/local/texlive/2016/texmf-dist/tex/generic/ifxetex/ifxetex.sty
Package: ifxetex 2010/09/12 v0.6 Provides ifxetex conditional
))
<Phonetics_HO.pdf, id=1, 614.295pt x 794.97pt>
File: Phonetics_HO.pdf Graphic file (type pdf)
 <use Phonetics_HO.pdf>
Package pdftex.def Info: Phonetics_HO.pdf used on input line 6.
(pdftex.def)             Requested size: 614.29349pt x 794.96806pt.
File: Phonetics_HO.pdf Graphic file (type pdf)

<use Phonetics_HO.pdf>
Package pdftex.def Info: Phonetics_HO.pdf used on input line 6.
(pdftex.def)             Requested size: 614.29349pt x 794.96806pt.
 <Phonetics_HO.pdf, id=4, page=1, 614.295pt x 794.97pt>
File: Phonetics_HO.pdf Graphic file (type pdf)

<use Phonetics_HO.pdf, page 1>
Package pdftex.def Info: Phonetics_HO.pdf, page1 used on input line 6.
(pdftex.def)             Requested size: 614.29349pt x 794.96806pt.
File: Phonetics_HO.pdf Graphic file (type pdf)
 <use Phonetics_HO.pdf, page 1>
Package pdftex.def Info: Phonetics_HO.pdf, page1 used on input line 6.
(pdftex.def)             Requested size: 422.72044pt x 547.05pt.
File: Phonetics_HO.pdf Graphic file (type pdf)

<use Phonetics_HO.pdf, page 1>
Package pdftex.def Info: Phonetics_HO.pdf, page1 used on input line 6.
(pdftex.def)             Requested size: 422.72044pt x 547.05pt.
File: Phonetics_HO.pdf Graphic file (type pdf)
 <use Phonetics_HO.pdf, page 1>
Package pdftex.def Info: Phonetics_HO.pdf, page1 used on input line 6.
(pdftex.def)             Requested size: 422.72044pt x 547.05pt.

<Phonetics_HO.pdf, id=5, page=2, 614.295pt x 794.97pt>
File: Phonetics_HO.pdf Graphic file (type pdf)

<use Phonetics_HO.pdf, page 2>
Package pdftex.def Info: Phonetics_HO.pdf, page2 used on input line 6.
(pdftex.def)             Requested size: 422.72044pt x 547.05pt.
File: Phonetics_HO.pdf Graphic file (type pdf)
 <use Phonetics_HO.pdf, page 2>
Package pdftex.def Info: Phonetics_HO.pdf, page2 used on input line 6.
(pdftex.def)             Requested size: 422.72044pt x 547.05pt.
File: Phonetics_HO.pdf Graphic file (type pdf)

<use Phonetics_HO.pdf, page 1>
Package pdftex.def Info: Phonetics_HO.pdf, page1 used on input line 6.
(pdftex.def)             Requested size: 422.72044pt x 547.05pt.
File: Phonetics_HO.pdf Graphic file (type pdf)
 <use Phonetics_HO.pdf, page 2>
Package pdftex.def Info: Phonetics_HO.pdf, page2 used on input line 6.
(pdftex.def)             Requested size: 422.72044pt x 547.05pt.
 [1

 <./Phonetics_HO.pdf{/usr/local/texlive/2016/texmf-var/fonts/map/pdftex/updmap/
pdftex.map}> <./Phonetics_HO.pdf>] <Phonetics_HO.pdf, id=82, page=3, 614.295pt 
x 794.97pt>
File: Phonetics_HO.pdf Graphic file (type pdf)

<use Phonetics_HO.pdf, page 3>
Package pdftex.def Info: Phonetics_HO.pdf, page3 used on input line 6.
(pdftex.def)             Requested size: 422.72044pt x 547.05pt.
File: Phonetics_HO.pdf Graphic file (type pdf)
 <use Phonetics_HO.pdf, page 3>
Package pdftex.def Info: Phonetics_HO.pdf, page3 used on input line 6.
(pdftex.def)             Requested size: 422.72044pt x 547.05pt.

<Phonetics_HO.pdf, id=83, page=4, 614.295pt x 794.97pt>
File: Phonetics_HO.pdf Graphic file (type pdf)

<use Phonetics_HO.pdf, page 4>
Package pdftex.def Info: Phonetics_HO.pdf, page4 used on input line 6.
(pdftex.def)             Requested size: 422.72044pt x 547.05pt.
File: Phonetics_HO.pdf Graphic file (type pdf)
 <use Phonetics_HO.pdf, page 4>
Package pdftex.def Info: Phonetics_HO.pdf, page4 used on input line 6.
(pdftex.def)             Requested size: 422.72044pt x 547.05pt.
File: Phonetics_HO.pdf Graphic file (type pdf)

<use Phonetics_HO.pdf, page 3>
Package pdftex.def Info: Phonetics_HO.pdf, page3 used on input line 6.
(pdftex.def)             Requested size: 422.72044pt x 547.05pt.
File: Phonetics_HO.pdf Graphic file (type pdf)
 <use Phonetics_HO.pdf, page 4>
Package pdftex.def Info: Phonetics_HO.pdf, page4 used on input line 6.
(pdftex.def)             Requested size: 422.72044pt x 547.05pt.
 [2 <./Phonetics_HO.pdf> <./Phonetics_HO.pdf>]
<Phonetics_HO.pdf, id=92, page=5, 614.295pt x 794.97pt>
File: Phonetics_HO.pdf Graphic file (type pdf)

<use Phonetics_HO.pdf, page 5>
Package pdftex.def Info: Phonetics_HO.pdf, page5 used on input line 6.
(pdftex.def)             Requested size: 422.72044pt x 547.05pt.
File: Phonetics_HO.pdf Graphic file (type pdf)
 <use Phonetics_HO.pdf, page 5>
Package pdftex.def Info: Phonetics_HO.pdf, page5 used on input line 6.
(pdftex.def)             Requested size: 422.72044pt x 547.05pt.

<Phonetics_HO.pdf, id=93, page=6, 614.295pt x 794.97pt>
File: Phonetics_HO.pdf Graphic file (type pdf)

<use Phonetics_HO.pdf, page 6>
Package pdftex.def Info: Phonetics_HO.pdf, page6 used on input line 6.
(pdftex.def)             Requested size: 422.72044pt x 547.05pt.
File: Phonetics_HO.pdf Graphic file (type pdf)
 <use Phonetics_HO.pdf, page 6>
Package pdftex.def Info: Phonetics_HO.pdf, page6 used on input line 6.
(pdftex.def)             Requested size: 422.72044pt x 547.05pt.
File: Phonetics_HO.pdf Graphic file (type pdf)

<use Phonetics_HO.pdf, page 5>
Package pdftex.def Info: Phonetics_HO.pdf, page5 used on input line 6.
(pdftex.def)             Requested size: 422.72044pt x 547.05pt.
File: Phonetics_HO.pdf Graphic file (type pdf)
 <use Phonetics_HO.pdf, page 6>
Package pdftex.def Info: Phonetics_HO.pdf, page6 used on input line 6.
(pdftex.def)             Requested size: 422.72044pt x 547.05pt.
 [3 <./Phonetics_HO.pdf> <./Phonetics_HO.pdf>]
<Phonetics_HO.pdf, id=97, page=7, 614.295pt x 794.97pt>
File: Phonetics_HO.pdf Graphic file (type pdf)

<use Phonetics_HO.pdf, page 7>
Package pdftex.def Info: Phonetics_HO.pdf, page7 used on input line 6.
(pdftex.def)             Requested size: 422.72044pt x 547.05pt.
File: Phonetics_HO.pdf Graphic file (type pdf)
 <use Phonetics_HO.pdf, page 7>
Package pdftex.def Info: Phonetics_HO.pdf, page7 used on input line 6.
(pdftex.def)             Requested size: 422.72044pt x 547.05pt.

<Phonetics_HO.pdf, id=98, page=8, 614.295pt x 794.97pt>
File: Phonetics_HO.pdf Graphic file (type pdf)

<use Phonetics_HO.pdf, page 8>
Package pdftex.def Info: Phonetics_HO.pdf, page8 used on input line 6.
(pdftex.def)             Requested size: 422.72044pt x 547.05pt.
File: Phonetics_HO.pdf Graphic file (type pdf)
 <use Phonetics_HO.pdf, page 8>
Package pdftex.def Info: Phonetics_HO.pdf, page8 used on input line 6.
(pdftex.def)             Requested size: 422.72044pt x 547.05pt.
File: Phonetics_HO.pdf Graphic file (type pdf)

<use Phonetics_HO.pdf, page 7>
Package pdftex.def Info: Phonetics_HO.pdf, page7 used on input line 6.
(pdftex.def)             Requested size: 422.72044pt x 547.05pt.
File: Phonetics_HO.pdf Graphic file (type pdf)
 <use Phonetics_HO.pdf, page 8>
Package pdftex.def Info: Phonetics_HO.pdf, page8 used on input line 6.
(pdftex.def)             Requested size: 422.72044pt x 547.05pt.
 [4 <./Phonetics_HO.pdf> <./Phonetics_HO.pdf

pdfTeX warning: /Library/TeX/texbin/pdflatex (file ./Phonetics_HO.pdf): PDF inc
lusion: multiple pdfs with page group included in a single page
>] <Phonetics_HO.pdf, id=131, page=9, 614.295pt x 794.97pt>
File: Phonetics_HO.pdf Graphic file (type pdf)

<use Phonetics_HO.pdf, page 9>
Package pdftex.def Info: Phonetics_HO.pdf, page9 used on input line 6.
(pdftex.def)             Requested size: 422.72044pt x 547.05pt.
File: Phonetics_HO.pdf Graphic file (type pdf)
 <use Phonetics_HO.pdf, page 9>
Package pdftex.def Info: Phonetics_HO.pdf, page9 used on input line 6.
(pdftex.def)             Requested size: 422.72044pt x 547.05pt.

<Phonetics_HO.pdf, id=132, page=10, 614.295pt x 794.97pt>
File: Phonetics_HO.pdf Graphic file (type pdf)

<use Phonetics_HO.pdf, page 10>
Package pdftex.def Info: Phonetics_HO.pdf, page10 used on input line 6.
(pdftex.def)             Requested size: 422.72044pt x 547.05pt.
File: Phonetics_HO.pdf Graphic file (type pdf)
 <use Phonetics_HO.pdf, page 10>
Package pdftex.def Info: Phonetics_HO.pdf, page10 used on input line 6.
(pdftex.def)             Requested size: 422.72044pt x 547.05pt.
File: Phonetics_HO.pdf Graphic file (type pdf)

<use Phonetics_HO.pdf, page 9>
Package pdftex.def Info: Phonetics_HO.pdf, page9 used on input line 6.
(pdftex.def)             Requested size: 422.72044pt x 547.05pt.
File: Phonetics_HO.pdf Graphic file (type pdf)
 <use Phonetics_HO.pdf, page 10>
Package pdftex.def Info: Phonetics_HO.pdf, page10 used on input line 6.
(pdftex.def)             Requested size: 422.72044pt x 547.05pt.
 [5 <./Phonetics_HO.pdf> <./Phonetics_HO.pdf

pdfTeX warning: /Library/TeX/texbin/pdflatex (file ./Phonetics_HO.pdf): PDF inc
lusion: multiple pdfs with page group included in a single page
>] <Phonetics_HO.pdf, id=141, page=11, 614.295pt x 794.97pt>
File: Phonetics_HO.pdf Graphic file (type pdf)

<use Phonetics_HO.pdf, page 11>
Package pdftex.def Info: Phonetics_HO.pdf, page11 used on input line 6.
(pdftex.def)             Requested size: 422.72044pt x 547.05pt.
File: Phonetics_HO.pdf Graphic file (type pdf)
 <use Phonetics_HO.pdf, page 11>
Package pdftex.def Info: Phonetics_HO.pdf, page11 used on input line 6.
(pdftex.def)             Requested size: 422.72044pt x 547.05pt.

<Phonetics_HO.pdf, id=142, page=12, 614.295pt x 794.97pt>
File: Phonetics_HO.pdf Graphic file (type pdf)

<use Phonetics_HO.pdf, page 12>
Package pdftex.def Info: Phonetics_HO.pdf, page12 used on input line 6.
(pdftex.def)             Requested size: 422.72044pt x 547.05pt.
File: Phonetics_HO.pdf Graphic file (type pdf)
 <use Phonetics_HO.pdf, page 12>
Package pdftex.def Info: Phonetics_HO.pdf, page12 used on input line 6.
(pdftex.def)             Requested size: 422.72044pt x 547.05pt.
File: Phonetics_HO.pdf Graphic file (type pdf)

<use Phonetics_HO.pdf, page 11>
Package pdftex.def Info: Phonetics_HO.pdf, page11 used on input line 6.
(pdftex.def)             Requested size: 422.72044pt x 547.05pt.
File: Phonetics_HO.pdf Graphic file (type pdf)
 <use Phonetics_HO.pdf, page 12>
Package pdftex.def Info: Phonetics_HO.pdf, page12 used on input line 6.
(pdftex.def)             Requested size: 422.72044pt x 547.05pt.
 [6 <./Phonetics_HO.pdf> <./Phonetics_HO.pdf>]
<Phonetics_HO.pdf, id=146, page=13, 614.295pt x 794.97pt>
File: Phonetics_HO.pdf Graphic file (type pdf)

<use Phonetics_HO.pdf, page 13>
Package pdftex.def Info: Phonetics_HO.pdf, page13 used on input line 6.
(pdftex.def)             Requested size: 422.72044pt x 547.05pt.
File: Phonetics_HO.pdf Graphic file (type pdf)
 <use Phonetics_HO.pdf, page 13>
Package pdftex.def Info: Phonetics_HO.pdf, page13 used on input line 6.
(pdftex.def)             Requested size: 422.72044pt x 547.05pt.

<Phonetics_HO.pdf, id=147, page=14, 614.295pt x 794.97pt>
File: Phonetics_HO.pdf Graphic file (type pdf)

<use Phonetics_HO.pdf, page 14>
Package pdftex.def Info: Phonetics_HO.pdf, page14 used on input line 6.
(pdftex.def)             Requested size: 422.72044pt x 547.05pt.
File: Phonetics_HO.pdf Graphic file (type pdf)
 <use Phonetics_HO.pdf, page 14>
Package pdftex.def Info: Phonetics_HO.pdf, page14 used on input line 6.
(pdftex.def)             Requested size: 422.72044pt x 547.05pt.
File: Phonetics_HO.pdf Graphic file (type pdf)

<use Phonetics_HO.pdf, page 13>
Package pdftex.def Info: Phonetics_HO.pdf, page13 used on input line 6.
(pdftex.def)             Requested size: 422.72044pt x 547.05pt.
File: Phonetics_HO.pdf Graphic file (type pdf)
 <use Phonetics_HO.pdf, page 14>
Package pdftex.def Info: Phonetics_HO.pdf, page14 used on input line 6.
(pdftex.def)             Requested size: 422.72044pt x 547.05pt.
 [7 <./Phonetics_HO.pdf> <./Phonetics_HO.pdf>]
<Phonetics_HO.pdf, id=175, page=15, 614.295pt x 794.97pt>
File: Phonetics_HO.pdf Graphic file (type pdf)

<use Phonetics_HO.pdf, page 15>
Package pdftex.def Info: Phonetics_HO.pdf, page15 used on input line 6.
(pdftex.def)             Requested size: 422.72044pt x 547.05pt.
File: Phonetics_HO.pdf Graphic file (type pdf)
 <use Phonetics_HO.pdf, page 15>
Package pdftex.def Info: Phonetics_HO.pdf, page15 used on input line 6.
(pdftex.def)             Requested size: 422.72044pt x 547.05pt.

<Phonetics_HO.pdf, id=176, page=16, 614.295pt x 794.97pt>
File: Phonetics_HO.pdf Graphic file (type pdf)

<use Phonetics_HO.pdf, page 16>
Package pdftex.def Info: Phonetics_HO.pdf, page16 used on input line 6.
(pdftex.def)             Requested size: 422.72044pt x 547.05pt.
File: Phonetics_HO.pdf Graphic file (type pdf)
 <use Phonetics_HO.pdf, page 16>
Package pdftex.def Info: Phonetics_HO.pdf, page16 used on input line 6.
(pdftex.def)             Requested size: 422.72044pt x 547.05pt.
File: Phonetics_HO.pdf Graphic file (type pdf)

<use Phonetics_HO.pdf, page 15>
Package pdftex.def Info: Phonetics_HO.pdf, page15 used on input line 6.
(pdftex.def)             Requested size: 422.72044pt x 547.05pt.
File: Phonetics_HO.pdf Graphic file (type pdf)
 <use Phonetics_HO.pdf, page 16>
Package pdftex.def Info: Phonetics_HO.pdf, page16 used on input line 6.
(pdftex.def)             Requested size: 422.72044pt x 547.05pt.
 [8 <./Phonetics_HO.pdf> <./Phonetics_HO.pdf

pdfTeX warning: /Library/TeX/texbin/pdflatex (file ./Phonetics_HO.pdf): PDF inc
lusion: multiple pdfs with page group included in a single page
>] <Phonetics_HO.pdf, id=189, page=17, 614.295pt x 794.97pt>
File: Phonetics_HO.pdf Graphic file (type pdf)

<use Phonetics_HO.pdf, page 17>
Package pdftex.def Info: Phonetics_HO.pdf, page17 used on input line 6.
(pdftex.def)             Requested size: 422.72044pt x 547.05pt.
File: Phonetics_HO.pdf Graphic file (type pdf)
 <use Phonetics_HO.pdf, page 17>
Package pdftex.def Info: Phonetics_HO.pdf, page17 used on input line 6.
(pdftex.def)             Requested size: 422.72044pt x 547.05pt.

<Phonetics_HO.pdf, id=190, page=18, 614.295pt x 794.97pt>
File: Phonetics_HO.pdf Graphic file (type pdf)

<use Phonetics_HO.pdf, page 18>
Package pdftex.def Info: Phonetics_HO.pdf, page18 used on input line 6.
(pdftex.def)             Requested size: 422.72044pt x 547.05pt.
File: Phonetics_HO.pdf Graphic file (type pdf)
 <use Phonetics_HO.pdf, page 18>
Package pdftex.def Info: Phonetics_HO.pdf, page18 used on input line 6.
(pdftex.def)             Requested size: 422.72044pt x 547.05pt.
File: Phonetics_HO.pdf Graphic file (type pdf)

<use Phonetics_HO.pdf, page 17>
Package pdftex.def Info: Phonetics_HO.pdf, page17 used on input line 6.
(pdftex.def)             Requested size: 422.72044pt x 547.05pt.
File: Phonetics_HO.pdf Graphic file (type pdf)
 <use Phonetics_HO.pdf, page 18>
Package pdftex.def Info: Phonetics_HO.pdf, page18 used on input line 6.
(pdftex.def)             Requested size: 422.72044pt x 547.05pt.
 [9 <./Phonetics_HO.pdf> <./Phonetics_HO.pdf>] (./Phonetics_HO_twosided.aux) ) 
Here is how much of TeX's memory you used:
 4716 strings out of 493013
 80073 string characters out of 6133342
 230032 words of memory out of 5000000
 8226 multiletter control sequences out of 15000+600000
 3940 words of font info for 15 fonts, out of 8000000 for 9000
 1141 hyphenation exceptions out of 8191
 49i,18n,51p,8853b,431s stack positions out of 5000i,500n,10000p,200000b,80000s
<
/usr/local/texlive/2016/texmf-dist/fonts/type1/public/amsfonts/cm/cmmi10.pfb></
usr/local/texlive/2016/texmf-dist/fonts/type1/public/amsfonts/cm/cmmi8.pfb></us
r/local/texlive/2016/texmf-dist/fonts/type1/public/amsfonts/cm/cmr8.pfb></usr/l
ocal/texlive/2016/texmf-dist/fonts/type1/public/amsfonts/cm/cmsy10.pfb></usr/lo
cal/texlive/2016/texmf-dist/fonts/type1/public/cm-super/sfbi1095.pfb></usr/loca
l/texlive/2016/texmf-dist/fonts/type1/public/cm-super/sfbx1095.pfb></usr/local/
texlive/2016/texmf-dist/fonts/type1/public/cm-super/sfbx1200.pfb></usr/local/te
xlive/2016/texmf-dist/fonts/type1/public/cm-super/sfbx1440.pfb></usr/local/texl
ive/2016/texmf-dist/fonts/type1/public/cm-super/sfbx1728.pfb></usr/local/texliv
e/2016/texmf-dist/fonts/type1/public/cm-super/sfcc1095.pfb></usr/local/texlive/
2016/texmf-dist/fonts/type1/public/cm-super/sfrm1095.pfb></usr/local/texlive/20
16/texmf-dist/fonts/type1/public/cm-super/sfrm1200.pfb></usr/local/texlive/2016
/texmf-dist/fonts/type1/public/cm-super/sfrm1728.pfb></usr/local/texlive/2016/t
exmf-dist/fonts/type1/public/cm-super/sfti1095.pfb></usr/local/texlive/2016/tex
mf-dist/fonts/type1/public/cm-super/sfti1728.pfb></usr/local/texlive/2016/texmf
-dist/fonts/type1/public/cm-super/sftt1095.pfb></usr/local/texlive/2016/texmf-d
ist/fonts/type1/public/cm-super/sftt1200.pfb></usr/local/texlive/2016/texmf-dis
t/fonts/type1/public/tipa/tipa10.pfb></usr/local/texlive/2016/texmf-dist/fonts/
type1/public/tipa/tipa8.pfb>
Output written on Phonetics_HO_twosided.pdf (9 pages, 1268341 bytes).
PDF statistics:
 220 PDF objects out of 1000 (max. 8388607)
 138 compressed objects within 2 object streams
 0 named destinations out of 1000 (max. 500000)
 106 words of extra memory for PDF output out of 10000 (max. 10000000)

