This is pdfTeX, Version 3.14159265-2.6-1.40.18 (TeX Live 2017) (preloaded format=pdflatex 2017.6.27)  29 AUG 2017 13:17
entering extended mode
 restricted \write18 enabled.
 file:line:error style messages enabled.
 %&-line parsing enabled.
**Intro_HO_twosided.tex
(./Intro_HO_twosided.tex
LaTeX2e <2017-04-15>
Babel <3.11> and hyphenation patterns for 84 language(s) loaded.
(/usr/local/texlive/2017/texmf-dist/tex/latex/koma-script/scrartcl.cls
Document Class: scrartcl 2017/04/13 v3.23 KOMA-Script document class (article)
(/usr/local/texlive/2017/texmf-dist/tex/latex/koma-script/scrkbase.sty
Package: scrkbase 2017/04/13 v3.23 KOMA-Script package (KOMA-Script-dependent b
asics and keyval usage)

(/usr/local/texlive/2017/texmf-dist/tex/latex/koma-script/scrbase.sty
Package: scrbase 2017/04/13 v3.23 KOMA-Script package (KOMA-Script-independent 
basics and keyval usage)

(/usr/local/texlive/2017/texmf-dist/tex/latex/graphics/keyval.sty
Package: keyval 2014/10/28 v1.15 key=value parser (DPC)
\KV@toks@=\toks14
)
(/usr/local/texlive/2017/texmf-dist/tex/latex/koma-script/scrlfile.sty
Package: scrlfile 2017/04/13 v3.23 KOMA-Script package (loading files)

Package scrlfile, 2017/04/13 v3.23 KOMA-Script package (loading files)
                  Copyright (C) Markus Kohm

))) (/usr/local/texlive/2017/texmf-dist/tex/latex/koma-script/tocbasic.sty
Package: tocbasic 2017/04/13 v3.23 KOMA-Script package (handling toc-files)
\scr@dte@tocline@numberwidth=\skip41
\scr@dte@tocline@numbox=\box26
)
Package tocbasic Info: omitting babel extension for `toc'
(tocbasic)             because of feature `nobabel' available
(tocbasic)             for `toc' on input line 131.
Package tocbasic Info: omitting babel extension for `lof'
(tocbasic)             because of feature `nobabel' available
(tocbasic)             for `lof' on input line 133.
Package tocbasic Info: omitting babel extension for `lot'
(tocbasic)             because of feature `nobabel' available
(tocbasic)             for `lot' on input line 134.
Class scrartcl Info: File `scrsize11pt.clo' used instead of
(scrartcl)           file `scrsize11.clo' to setup font sizes on input line 205
9.

(/usr/local/texlive/2017/texmf-dist/tex/latex/koma-script/scrsize11pt.clo
File: scrsize11pt.clo 2017/04/13 v3.23 KOMA-Script font size class option (11pt
)
)
(/usr/local/texlive/2017/texmf-dist/tex/latex/koma-script/typearea.sty
Package: typearea 2017/04/13 v3.23 KOMA-Script package (type area)
\ta@bcor=\skip42
\ta@div=\count79
\ta@hblk=\skip43
\ta@vblk=\skip44
\ta@temp=\skip45
\footheight=\skip46
Package typearea Info: These are the values describing the layout:
(typearea)             DIV  = 10
(typearea)             BCOR = 0.0pt
(typearea)             \paperwidth      = 597.50793pt
(typearea)              \textwidth      = 418.25555pt
(typearea)              DIV departure   = -6%
(typearea)              \evensidemargin = 17.3562pt
(typearea)              \oddsidemargin  = 17.3562pt
(typearea)             \paperheight     = 845.04694pt
(typearea)              \textheight     = 595.80026pt
(typearea)              \topmargin      = -25.16531pt
(typearea)              \headheight     = 17.0pt
(typearea)              \headsep        = 20.40001pt
(typearea)              \topskip        = 11.0pt
(typearea)              \footskip       = 47.6pt
(typearea)              \baselineskip   = 13.6pt
(typearea)              on input line 1647.
)
\c@part=\count80
\c@section=\count81
\c@subsection=\count82
\c@subsubsection=\count83
\c@paragraph=\count84
\c@subparagraph=\count85
\scr@dte@part@maxnumwidth=\skip47
\scr@dte@section@maxnumwidth=\skip48
\scr@dte@subsection@maxnumwidth=\skip49
\scr@dte@subsubsection@maxnumwidth=\skip50
\scr@dte@paragraph@maxnumwidth=\skip51
\scr@dte@subparagraph@maxnumwidth=\skip52
LaTeX Info: Redefining \textsubscript on input line 4094.
\abovecaptionskip=\skip53
\belowcaptionskip=\skip54
\c@pti@nb@sid@b@x=\box27
\c@figure=\count86
\c@table=\count87
Class scrartcl Info: Redefining `\numberline' on input line 5233.
\bibindent=\dimen102
)
(/usr/local/texlive/2017/texmf-dist/tex/latex/pdfpages/pdfpages.sty
Package: pdfpages 2017/06/14 v0.5i Insert pages of external PDF documents (AM)

(/usr/local/texlive/2017/texmf-dist/tex/latex/base/ifthen.sty
Package: ifthen 2014/09/29 v1.1c Standard LaTeX ifthen package (DPC)
)
(/usr/local/texlive/2017/texmf-dist/tex/latex/tools/calc.sty
Package: calc 2014/10/28 v4.3 Infix arithmetic (KKT,FJ)
\calc@Acount=\count88
\calc@Bcount=\count89
\calc@Adimen=\dimen103
\calc@Bdimen=\dimen104
\calc@Askip=\skip55
\calc@Bskip=\skip56
LaTeX Info: Redefining \setlength on input line 80.
LaTeX Info: Redefining \addtolength on input line 81.
\calc@Ccount=\count90
\calc@Cskip=\skip57
)
(/usr/local/texlive/2017/texmf-dist/tex/latex/eso-pic/eso-pic.sty
Package: eso-pic 2015/07/21 v2.0g eso-pic (RN)

(/usr/local/texlive/2017/texmf-dist/tex/generic/oberdiek/atbegshi.sty
Package: atbegshi 2016/06/09 v1.18 At begin shipout hook (HO)

(/usr/local/texlive/2017/texmf-dist/tex/generic/oberdiek/infwarerr.sty
Package: infwarerr 2016/05/16 v1.4 Providing info/warning/error messages (HO)
)
(/usr/local/texlive/2017/texmf-dist/tex/generic/oberdiek/ltxcmds.sty
Package: ltxcmds 2016/05/16 v1.23 LaTeX kernel commands for general use (HO)
)
(/usr/local/texlive/2017/texmf-dist/tex/generic/oberdiek/ifpdf.sty
Package: ifpdf 2017/03/15 v3.2 Provides the ifpdf switch
))
(/usr/local/texlive/2017/texmf-dist/tex/latex/xcolor/xcolor.sty
Package: xcolor 2016/05/11 v2.12 LaTeX color extensions (UK)

(/usr/local/texlive/2017/texmf-dist/tex/latex/graphics-cfg/color.cfg
File: color.cfg 2016/01/02 v1.6 sample color configuration
)
Package xcolor Info: Driver file: pdftex.def on input line 225.

(/usr/local/texlive/2017/texmf-dist/tex/latex/graphics-def/pdftex.def
File: pdftex.def 2017/06/24 v1.0g Graphics/color driver for pdftex
)
Package xcolor Info: Model `cmy' substituted by `cmy0' on input line 1348.
Package xcolor Info: Model `hsb' substituted by `rgb' on input line 1352.
Package xcolor Info: Model `RGB' extended on input line 1364.
Package xcolor Info: Model `HTML' substituted by `rgb' on input line 1366.
Package xcolor Info: Model `Hsb' substituted by `hsb' on input line 1367.
Package xcolor Info: Model `tHsb' substituted by `hsb' on input line 1368.
Package xcolor Info: Model `HSB' substituted by `hsb' on input line 1369.
Package xcolor Info: Model `Gray' substituted by `gray' on input line 1370.
Package xcolor Info: Model `wave' substituted by `hsb' on input line 1371.
))
(/usr/local/texlive/2017/texmf-dist/tex/latex/graphics/graphicx.sty
Package: graphicx 2017/06/01 v1.1a Enhanced LaTeX Graphics (DPC,SPQR)

(/usr/local/texlive/2017/texmf-dist/tex/latex/graphics/graphics.sty
Package: graphics 2017/06/25 v1.2c Standard LaTeX Graphics (DPC,SPQR)

(/usr/local/texlive/2017/texmf-dist/tex/latex/graphics/trig.sty
Package: trig 2016/01/03 v1.10 sin cos tan (DPC)
)
(/usr/local/texlive/2017/texmf-dist/tex/latex/graphics-cfg/graphics.cfg
File: graphics.cfg 2016/06/04 v1.11 sample graphics configuration
)
Package graphics Info: Driver file: pdftex.def on input line 99.
)
\Gin@req@height=\dimen105
\Gin@req@width=\dimen106
)
\AM@pagewidth=\dimen107
\AM@pageheight=\dimen108

(/usr/local/texlive/2017/texmf-dist/tex/latex/pdfpages/pppdftex.def
File: pppdftex.def 2017/06/14 v0.5i Pdfpages driver for pdfTeX (AM)
)
\AM@pagebox=\box28
\AM@global@opts=\toks15
\AM@toc@title=\toks16
\c@AM@survey=\count91
\AM@templatesizebox=\box29
)
(./Intro_HO_twosided.aux)
\openout1 = `Intro_HO_twosided.aux'.

LaTeX Font Info:    Checking defaults for OML/cmm/m/it on input line 4.
LaTeX Font Info:    ... okay on input line 4.
LaTeX Font Info:    Checking defaults for T1/cmr/m/n on input line 4.
LaTeX Font Info:    ... okay on input line 4.
LaTeX Font Info:    Checking defaults for OT1/cmr/m/n on input line 4.
LaTeX Font Info:    ... okay on input line 4.
LaTeX Font Info:    Checking defaults for OMS/cmsy/m/n on input line 4.
LaTeX Font Info:    ... okay on input line 4.
LaTeX Font Info:    Checking defaults for OMX/cmex/m/n on input line 4.
LaTeX Font Info:    ... okay on input line 4.
LaTeX Font Info:    Checking defaults for U/cmr/m/n on input line 4.
LaTeX Font Info:    ... okay on input line 4.
\AtBeginShipoutBox=\box30

(/usr/local/texlive/2017/texmf-dist/tex/context/base/mkii/supp-pdf.mkii
[Loading MPS to PDF converter (version 2006.09.02).]
\scratchcounter=\count92
\scratchdimen=\dimen109
\scratchbox=\box31
\nofMPsegments=\count93
\nofMParguments=\count94
\everyMPshowfont=\toks17
\MPscratchCnt=\count95
\MPscratchDim=\dimen110
\MPnumerator=\count96
\makeMPintoPDFobject=\count97
\everyMPtoPDFconversion=\toks18
) (/usr/local/texlive/2017/texmf-dist/tex/latex/oberdiek/epstopdf-base.sty
Package: epstopdf-base 2016/05/15 v2.6 Base part for package epstopdf

(/usr/local/texlive/2017/texmf-dist/tex/latex/oberdiek/grfext.sty
Package: grfext 2016/05/16 v1.2 Manage graphics extensions (HO)

(/usr/local/texlive/2017/texmf-dist/tex/generic/oberdiek/kvdefinekeys.sty
Package: kvdefinekeys 2016/05/16 v1.4 Define keys (HO)
))
(/usr/local/texlive/2017/texmf-dist/tex/latex/oberdiek/kvoptions.sty
Package: kvoptions 2016/05/16 v3.12 Key value format for package options (HO)

(/usr/local/texlive/2017/texmf-dist/tex/generic/oberdiek/kvsetkeys.sty
Package: kvsetkeys 2016/05/16 v1.17 Key value parser (HO)

(/usr/local/texlive/2017/texmf-dist/tex/generic/oberdiek/etexcmds.sty
Package: etexcmds 2016/05/16 v1.6 Avoid name clashes with e-TeX commands (HO)

(/usr/local/texlive/2017/texmf-dist/tex/generic/oberdiek/ifluatex.sty
Package: ifluatex 2016/05/16 v1.4 Provides the ifluatex switch (HO)
Package ifluatex Info: LuaTeX not detected.
)
Package etexcmds Info: Could not find \expanded.
(etexcmds)             That can mean that you are not using pdfTeX 1.50 or
(etexcmds)             that some package has redefined \expanded.
(etexcmds)             In the latter case, load this package earlier.
)))
(/usr/local/texlive/2017/texmf-dist/tex/generic/oberdiek/pdftexcmds.sty
Package: pdftexcmds 2017/03/19 v0.25 Utility functions of pdfTeX for LuaTeX (HO
)
Package pdftexcmds Info: LuaTeX not detected.
Package pdftexcmds Info: \pdf@primitive is available.
Package pdftexcmds Info: \pdf@ifprimitive is available.
Package pdftexcmds Info: \pdfdraftmode found.
)
Package epstopdf-base Info: Redefining graphics rule for `.eps' on input line 4
38.
Package grfext Info: Graphics extension search list:
(grfext)             [.pdf,.png,.jpg,.mps,.jpeg,.jbig2,.jb2,.PDF,.PNG,.JPG,.JPE
G,.JBIG2,.JB2,.eps]
(grfext)             \AppendGraphicsExtensions on input line 456.

(/usr/local/texlive/2017/texmf-dist/tex/latex/latexconfig/epstopdf-sys.cfg
File: epstopdf-sys.cfg 2010/07/13 v1.3 Configuration of (r)epstopdf for TeX Liv
e
))
(/usr/local/texlive/2017/texmf-dist/tex/latex/oberdiek/pdflscape.sty
Package: pdflscape 2016/05/14 v0.11 Display of landscape pages in PDF (HO)

(/usr/local/texlive/2017/texmf-dist/tex/latex/graphics/lscape.sty
Package: lscape 2000/10/22 v3.01 Landscape Pages (DPC)
)
Package pdflscape Info: Auto-detected driver: pdftex on input line 81.

(/usr/local/texlive/2017/texmf-dist/tex/generic/ifxetex/ifxetex.sty
Package: ifxetex 2010/09/12 v0.6 Provides ifxetex conditional
))
<Intro_HO.pdf, id=1, pagebox=cropbox, 614.295pt x 794.97pt>
File: Intro_HO.pdf Graphic file (type pdf)
<use Intro_HO.pdf>
Package pdftex.def Info: Intro_HO.pdf  used on input line 6. on input line 6.
Package pdftex.def Info: Requested size: 614.29349pt x 794.96806pt on input lin
e 6.
File: Intro_HO.pdf Graphic file (type pdf)
<use Intro_HO.pdf>
Package pdftex.def Info: Intro_HO.pdf  used on input line 6. on input line 6.
Package pdftex.def Info: Requested size: 614.29349pt x 794.96806pt on input lin
e 6.
<Intro_HO.pdf, id=4, page=1, pagebox=cropbox, 614.295pt x 794.97pt>
File: Intro_HO.pdf Graphic file (type pdf)
<use Intro_HO.pdf, page 1>
Package pdftex.def Info: Intro_HO.pdf , page1 used on input line 6. on input li
ne 6.
Package pdftex.def Info: Requested size: 614.29349pt x 794.96806pt on input lin
e 6.
File: Intro_HO.pdf Graphic file (type pdf)
<use Intro_HO.pdf, page 1>
Package pdftex.def Info: Intro_HO.pdf , page1 used on input line 6. on input li
ne 6.
Package pdftex.def Info: Requested size: 422.72044pt x 547.05pt on input line 6
.
File: Intro_HO.pdf Graphic file (type pdf)
<use Intro_HO.pdf, page 1>
Package pdftex.def Info: Intro_HO.pdf , page1 used on input line 6. on input li
ne 6.
Package pdftex.def Info: Requested size: 422.72044pt x 547.05pt on input line 6
.
File: Intro_HO.pdf Graphic file (type pdf)
<use Intro_HO.pdf, page 1>
Package pdftex.def Info: Intro_HO.pdf , page1 used on input line 6. on input li
ne 6.
Package pdftex.def Info: Requested size: 422.72044pt x 547.05pt on input line 6
.
<Intro_HO.pdf, id=5, page=2, pagebox=cropbox, 614.295pt x 794.97pt>
File: Intro_HO.pdf Graphic file (type pdf)
<use Intro_HO.pdf, page 2>
Package pdftex.def Info: Intro_HO.pdf , page2 used on input line 6. on input li
ne 6.
Package pdftex.def Info: Requested size: 422.72044pt x 547.05pt on input line 6
.
File: Intro_HO.pdf Graphic file (type pdf)
<use Intro_HO.pdf, page 2>
Package pdftex.def Info: Intro_HO.pdf , page2 used on input line 6. on input li
ne 6.
Package pdftex.def Info: Requested size: 422.72044pt x 547.05pt on input line 6
.
File: Intro_HO.pdf Graphic file (type pdf)
<use Intro_HO.pdf, page 1>
Package pdftex.def Info: Intro_HO.pdf , page1 used on input line 6. on input li
ne 6.
Package pdftex.def Info: Requested size: 422.72044pt x 547.05pt on input line 6
.
File: Intro_HO.pdf Graphic file (type pdf)
<use Intro_HO.pdf, page 2>
Package pdftex.def Info: Intro_HO.pdf , page2 used on input line 6. on input li
ne 6.
Package pdftex.def Info: Requested size: 422.72044pt x 547.05pt on input line 6
.
 [1

 <./Intro_HO.pdf{/usr/local/texlive/2017/texmf-var/fonts/map/pdftex/updmap/pdft
ex.map}> <./Intro_HO.pdf>]
<Intro_HO.pdf, id=72, page=3, pagebox=cropbox, 614.295pt x 794.97pt>
File: Intro_HO.pdf Graphic file (type pdf)
<use Intro_HO.pdf, page 3>
Package pdftex.def Info: Intro_HO.pdf , page3 used on input line 6. on input li
ne 6.
Package pdftex.def Info: Requested size: 422.72044pt x 547.05pt on input line 6
.
File: Intro_HO.pdf Graphic file (type pdf)
<use Intro_HO.pdf, page 3>
Package pdftex.def Info: Intro_HO.pdf , page3 used on input line 6. on input li
ne 6.
Package pdftex.def Info: Requested size: 422.72044pt x 547.05pt on input line 6
.
<Intro_HO.pdf, id=73, page=4, pagebox=cropbox, 614.295pt x 794.97pt>
File: Intro_HO.pdf Graphic file (type pdf)
<use Intro_HO.pdf, page 4>
Package pdftex.def Info: Intro_HO.pdf , page4 used on input line 6. on input li
ne 6.
Package pdftex.def Info: Requested size: 422.72044pt x 547.05pt on input line 6
.
File: Intro_HO.pdf Graphic file (type pdf)
<use Intro_HO.pdf, page 4>
Package pdftex.def Info: Intro_HO.pdf , page4 used on input line 6. on input li
ne 6.
Package pdftex.def Info: Requested size: 422.72044pt x 547.05pt on input line 6
.
File: Intro_HO.pdf Graphic file (type pdf)
<use Intro_HO.pdf, page 3>
Package pdftex.def Info: Intro_HO.pdf , page3 used on input line 6. on input li
ne 6.
Package pdftex.def Info: Requested size: 422.72044pt x 547.05pt on input line 6
.
File: Intro_HO.pdf Graphic file (type pdf)
<use Intro_HO.pdf, page 4>
Package pdftex.def Info: Intro_HO.pdf , page4 used on input line 6. on input li
ne 6.
Package pdftex.def Info: Requested size: 422.72044pt x 547.05pt on input line 6
.
 [2 <./Intro_HO.pdf> <./Intro_HO.pdf>]
<Intro_HO.pdf, id=82, page=5, pagebox=cropbox, 614.295pt x 794.97pt>
File: Intro_HO.pdf Graphic file (type pdf)
<use Intro_HO.pdf, page 5>
Package pdftex.def Info: Intro_HO.pdf , page5 used on input line 6. on input li
ne 6.
Package pdftex.def Info: Requested size: 422.72044pt x 547.05pt on input line 6
.
File: Intro_HO.pdf Graphic file (type pdf)
<use Intro_HO.pdf, page 5>
Package pdftex.def Info: Intro_HO.pdf , page5 used on input line 6. on input li
ne 6.
Package pdftex.def Info: Requested size: 422.72044pt x 547.05pt on input line 6
.
<Intro_HO.pdf, id=83, page=6, pagebox=cropbox, 614.295pt x 794.97pt>
File: Intro_HO.pdf Graphic file (type pdf)
<use Intro_HO.pdf, page 6>
Package pdftex.def Info: Intro_HO.pdf , page6 used on input line 6. on input li
ne 6.
Package pdftex.def Info: Requested size: 422.72044pt x 547.05pt on input line 6
.
File: Intro_HO.pdf Graphic file (type pdf)
<use Intro_HO.pdf, page 6>
Package pdftex.def Info: Intro_HO.pdf , page6 used on input line 6. on input li
ne 6.
Package pdftex.def Info: Requested size: 422.72044pt x 547.05pt on input line 6
.
File: Intro_HO.pdf Graphic file (type pdf)
<use Intro_HO.pdf, page 5>
Package pdftex.def Info: Intro_HO.pdf , page5 used on input line 6. on input li
ne 6.
Package pdftex.def Info: Requested size: 422.72044pt x 547.05pt on input line 6
.
File: Intro_HO.pdf Graphic file (type pdf)
<use Intro_HO.pdf, page 6>
Package pdftex.def Info: Intro_HO.pdf , page6 used on input line 6. on input li
ne 6.
Package pdftex.def Info: Requested size: 422.72044pt x 547.05pt on input line 6
.
 [3 <./Intro_HO.pdf> <./Intro_HO.pdf>]
<Intro_HO.pdf, id=92, page=7, pagebox=cropbox, 614.295pt x 794.97pt>
File: Intro_HO.pdf Graphic file (type pdf)
<use Intro_HO.pdf, page 7>
Package pdftex.def Info: Intro_HO.pdf , page7 used on input line 6. on input li
ne 6.
Package pdftex.def Info: Requested size: 422.72044pt x 547.05pt on input line 6
.
File: Intro_HO.pdf Graphic file (type pdf)
<use Intro_HO.pdf, page 7>
Package pdftex.def Info: Intro_HO.pdf , page7 used on input line 6. on input li
ne 6.
Package pdftex.def Info: Requested size: 422.72044pt x 547.05pt on input line 6
.
<Intro_HO.pdf, id=93, page=8, pagebox=cropbox, 614.295pt x 794.97pt>
File: Intro_HO.pdf Graphic file (type pdf)
<use Intro_HO.pdf, page 8>
Package pdftex.def Info: Intro_HO.pdf , page8 used on input line 6. on input li
ne 6.
Package pdftex.def Info: Requested size: 422.72044pt x 547.05pt on input line 6
.
File: Intro_HO.pdf Graphic file (type pdf)
<use Intro_HO.pdf, page 8>
Package pdftex.def Info: Intro_HO.pdf , page8 used on input line 6. on input li
ne 6.
Package pdftex.def Info: Requested size: 422.72044pt x 547.05pt on input line 6
.
File: Intro_HO.pdf Graphic file (type pdf)
<use Intro_HO.pdf, page 7>
Package pdftex.def Info: Intro_HO.pdf , page7 used on input line 6. on input li
ne 6.
Package pdftex.def Info: Requested size: 422.72044pt x 547.05pt on input line 6
.
File: Intro_HO.pdf Graphic file (type pdf)
<use Intro_HO.pdf, page 8>
Package pdftex.def Info: Intro_HO.pdf , page8 used on input line 6. on input li
ne 6.
Package pdftex.def Info: Requested size: 422.72044pt x 547.05pt on input line 6
.
 [4 <./Intro_HO.pdf> <./Intro_HO.pdf>]
<Intro_HO.pdf, id=97, page=9, pagebox=cropbox, 614.295pt x 794.97pt>
File: Intro_HO.pdf Graphic file (type pdf)
<use Intro_HO.pdf, page 9>
Package pdftex.def Info: Intro_HO.pdf , page9 used on input line 6. on input li
ne 6.
Package pdftex.def Info: Requested size: 422.72044pt x 547.05pt on input line 6
.
File: Intro_HO.pdf Graphic file (type pdf)
<use Intro_HO.pdf, page 9>
Package pdftex.def Info: Intro_HO.pdf , page9 used on input line 6. on input li
ne 6.
Package pdftex.def Info: Requested size: 422.72044pt x 547.05pt on input line 6
.
<Intro_HO.pdf, id=98, page=10, pagebox=cropbox, 614.295pt x 794.97pt>
File: Intro_HO.pdf Graphic file (type pdf)
<use Intro_HO.pdf, page 10>
Package pdftex.def Info: Intro_HO.pdf , page10 used on input line 6. on input l
ine 6.
Package pdftex.def Info: Requested size: 422.72044pt x 547.05pt on input line 6
.
File: Intro_HO.pdf Graphic file (type pdf)
<use Intro_HO.pdf, page 10>
Package pdftex.def Info: Intro_HO.pdf , page10 used on input line 6. on input l
ine 6.
Package pdftex.def Info: Requested size: 422.72044pt x 547.05pt on input line 6
.
File: Intro_HO.pdf Graphic file (type pdf)
<use Intro_HO.pdf, page 9>
Package pdftex.def Info: Intro_HO.pdf , page9 used on input line 6. on input li
ne 6.
Package pdftex.def Info: Requested size: 422.72044pt x 547.05pt on input line 6
.
File: Intro_HO.pdf Graphic file (type pdf)
<use Intro_HO.pdf, page 10>
Package pdftex.def Info: Intro_HO.pdf , page10 used on input line 6. on input l
ine 6.
Package pdftex.def Info: Requested size: 422.72044pt x 547.05pt on input line 6
.
 [5 <./Intro_HO.pdf> <./Intro_HO.pdf>]
<Intro_HO.pdf, id=102, page=11, pagebox=cropbox, 614.295pt x 794.97pt>
File: Intro_HO.pdf Graphic file (type pdf)
<use Intro_HO.pdf, page 11>
Package pdftex.def Info: Intro_HO.pdf , page11 used on input line 6. on input l
ine 6.
Package pdftex.def Info: Requested size: 422.72044pt x 547.05pt on input line 6
.
File: Intro_HO.pdf Graphic file (type pdf)
<use Intro_HO.pdf, page 11>
Package pdftex.def Info: Intro_HO.pdf , page11 used on input line 6. on input l
ine 6.
Package pdftex.def Info: Requested size: 422.72044pt x 547.05pt on input line 6
.
File: Intro_HO.pdf Graphic file (type pdf)
<use Intro_HO.pdf, page 1>
Package pdftex.def Info: Intro_HO.pdf , page1 used on input line 6. on input li
ne 6.
Package pdftex.def Info: Requested size: 422.72044pt x 547.05pt on input line 6
.
File: Intro_HO.pdf Graphic file (type pdf)
<use Intro_HO.pdf, page 1>
Package pdftex.def Info: Intro_HO.pdf , page1 used on input line 6. on input li
ne 6.
Package pdftex.def Info: Requested size: 422.72044pt x 547.05pt on input line 6
.
File: Intro_HO.pdf Graphic file (type pdf)
<use Intro_HO.pdf, page 11>
Package pdftex.def Info: Intro_HO.pdf , page11 used on input line 6. on input l
ine 6.
Package pdftex.def Info: Requested size: 422.72044pt x 547.05pt on input line 6
.
 [6 <./Intro_HO.pdf>] (./Intro_HO_twosided.aux) ) 
Here is how much of TeX's memory you used:
 4671 strings out of 492990
 79303 string characters out of 6132636
 230300 words of memory out of 5000000
 8193 multiletter control sequences out of 15000+600000
 3940 words of font info for 15 fonts, out of 8000000 for 9000
 1141 hyphenation exceptions out of 8191
 51i,18n,51p,8849b,434s stack positions out of 5000i,500n,10000p,200000b,80000s
</usr/local/texlive/2017/texmf
-dist/fonts/type1/public/amsfonts/cm/cmsy10.pfb></usr/local/texlive/2017/texmf-
dist/fonts/type1/public/cm-super/sfbi1095.pfb></usr/local/texlive/2017/texmf-di
st/fonts/type1/public/cm-super/sfbx1095.pfb></usr/local/texlive/2017/texmf-dist
/fonts/type1/public/cm-super/sfbx1200.pfb></usr/local/texlive/2017/texmf-dist/f
onts/type1/public/cm-super/sfbx1440.pfb></usr/local/texlive/2017/texmf-dist/fon
ts/type1/public/cm-super/sfbx1728.pfb></usr/local/texlive/2017/texmf-dist/fonts
/type1/public/cm-super/sfcc1095.pfb></usr/local/texlive/2017/texmf-dist/fonts/t
ype1/public/cm-super/sfrm1095.pfb></usr/local/texlive/2017/texmf-dist/fonts/typ
e1/public/cm-super/sfrm1200.pfb></usr/local/texlive/2017/texmf-dist/fonts/type1
/public/cm-super/sfrm1728.pfb></usr/local/texlive/2017/texmf-dist/fonts/type1/p
ublic/cm-super/sfti1095.pfb></usr/local/texlive/2017/texmf-dist/fonts/type1/pub
lic/cm-super/sfti1728.pfb></usr/local/texlive/2017/texmf-dist/fonts/type1/publi
c/cm-super/sftt1200.pfb></usr/local/texlive/2017/texmf-dist/fonts/type1/public/
tipa/tipa10.pfb>
Output written on Intro_HO_twosided.pdf (6 pages, 271192 bytes).
PDF statistics:
 122 PDF objects out of 1000 (max. 8388607)
 85 compressed objects within 1 object stream
 0 named destinations out of 1000 (max. 500000)
 71 words of extra memory for PDF output out of 10000 (max. 10000000)

